<?xml version="1.0" encoding="UTF-8"?>
<!-- Generated by org.testng.reporters.JUnitReportReporter -->
<testsuite skipped="0" hostname="LAPTOP-6J9S7FB3" name="SimpleShopping.ShoppingCart.ErrorValidations" tests="2" failures="0" timestamp="26 Apr 2023 04:37:36 GMT" time="23.125" errors="0">
  <testcase name="ProductErrorValidation" time="16.696" classname="SimpleShopping.ShoppingCart.ErrorValidations"/>
  <testcase name="LoginErrorValidation" time="6.429" classname="SimpleShopping.ShoppingCart.ErrorValidations"/>
</testsuite> <!-- SimpleShopping.ShoppingCart.ErrorValidations -->
